# JRE version: OpenJDK Runtime Environment (8.0_152-b01) (build 1.8.0_152-release-1024-b01)
# Java VM: OpenJDK 64-Bit Server VM (25.152-b01 mixed mode linux-amd64 compressed oops)
Heap:
 PSYoungGen      total 117760K, used 5418K [0x00000000e0000000, 0x00000000eb280000, 0x0000000100000000)
  eden space 98304K, 0% used [0x00000000e0000000,0x00000000e0000000,0x00000000e6000000)
  from space 19456K, 27% used [0x00000000e6000000,0x00000000e654a8f0,0x00000000e7300000)
  to   space 33280K, 0% used [0x00000000e9200000,0x00000000e9200000,0x00000000eb280000)
 ParOldGen       total 82944K, used 82556K [0x00000000a0000000, 0x00000000a5100000, 0x00000000e0000000)
  object space 82944K, 99% used [0x00000000a0000000,0x00000000a509f338,0x00000000a5100000)
 Metaspace       used 64518K, capacity 66760K, committed 67672K, reserved 1107968K
  class space    used 8630K, capacity 9108K, committed 9344K, reserved 1048576K
GC Heap History (10 events):
Event: 88,370 GC heap after
Heap after GC invocations=26 (full 2):
 PSYoungGen      total 103936K, used 6302K [0x00000000e0000000, 0x00000000e7180000, 0x0000000100000000)
  eden space 94720K, 0% used [0x00000000e0000000,0x00000000e0000000,0x00000000e5c80000)
  from space 9216K, 68% used [0x00000000e6880000,0x00000000e6ea7b98,0x00000000e7180000)
  to   space 10752K, 0% used [0x00000000e5c80000,0x00000000e5c80000,0x00000000e6700000)
 ParOldGen       total 44032K, used 34037K [0x00000000a0000000, 0x00000000a2b00000, 0x00000000e0000000)
  object space 44032K, 77% used [0x00000000a0000000,0x00000000a213d598,0x00000000a2b00000)
 Metaspace       used 57168K, capacity 58966K, committed 59028K, reserved 1099776K
  class space    used 7738K, capacity 8167K, committed 8192K, reserved 1048576K
}
Event: 88,370 GC heap before
{Heap before GC invocations=27 (full 3):
 PSYoungGen      total 103936K, used 6302K [0x00000000e0000000, 0x00000000e7180000, 0x0000000100000000)
  eden space 94720K, 0% used [0x00000000e0000000,0x00000000e0000000,0x00000000e5c80000)
  from space 9216K, 68% used [0x00000000e6880000,0x00000000e6ea7b98,0x00000000e7180000)
  to   space 10752K, 0% used [0x00000000e5c80000,0x00000000e5c80000,0x00000000e6700000)
 ParOldGen       total 44032K, used 34037K [0x00000000a0000000, 0x00000000a2b00000, 0x00000000e0000000)
  object space 44032K, 77% used [0x00000000a0000000,0x00000000a213d598,0x00000000a2b00000)
 Metaspace       used 57168K, capacity 58966K, committed 59028K, reserved 1099776K
  class space    used 7738K, capacity 8167K, committed 8192K, reserved 1048576K
Event: 88,936 GC heap after
Heap after GC invocations=27 (full 3):
 PSYoungGen      total 103936K, used 0K [0x00000000e0000000, 0x00000000e7180000, 0x0000000100000000)
  eden space 94720K, 0% used [0x00000000e0000000,0x00000000e0000000,0x00000000e5c80000)
  from space 9216K, 0% used [0x00000000e6880000,0x00000000e6880000,0x00000000e7180000)
  to   space 10752K, 0% used [0x00000000e5c80000,0x00000000e5c80000,0x00000000e6700000)
 ParOldGen       total 82944K, used 37594K [0x00000000a0000000, 0x00000000a5100000, 0x00000000e0000000)
  object space 82944K, 45% used [0x00000000a0000000,0x00000000a24b68d8,0x00000000a5100000)
 Metaspace       used 57130K, capacity 58860K, committed 59028K, reserved 1099776K
  class space    used 7725K, capacity 8144K, committed 8192K, reserved 1048576K
}
Event: 91,708 GC heap before
{Heap before GC invocations=28 (full 3):
 PSYoungGen      total 103936K, used 94506K [0x00000000e0000000, 0x00000000e7180000, 0x0000000100000000)
  eden space 94720K, 99% used [0x00000000e0000000,0x00000000e5c4a8c0,0x00000000e5c80000)
  from space 9216K, 0% used [0x00000000e6880000,0x00000000e6880000,0x00000000e7180000)
  to   space 10752K, 0% used [0x00000000e5c80000,0x00000000e5c80000,0x00000000e6700000)
 ParOldGen       total 82944K, used 37594K [0x00000000a0000000, 0x00000000a5100000, 0x00000000e0000000)
  object space 82944K, 45% used [0x00000000a0000000,0x00000000a24b68d8,0x00000000a5100000)
 Metaspace       used 63628K, capacity 66308K, committed 66520K, reserved 1105920K
  class space    used 8600K, capacity 9154K, committed 9216K, reserved 1048576K
Event: 91,727 GC heap after
Heap after GC invocations=28 (full 3):
 PSYoungGen      total 105472K, used 10250K [0x00000000e0000000, 0x00000000e7e80000, 0x0000000100000000)
  eden space 94720K, 0% used [0x00000000e0000000,0x00000000e0000000,0x00000000e5c80000)
  from space 10752K, 95% used [0x00000000e5c80000,0x00000000e6682a38,0x00000000e6700000)
  to   space 11776K, 0% used [0x00000000e7300000,0x00000000e7300000,0x00000000e7e80000)
 ParOldGen       total 82944K, used 37602K [0x00000000a0000000, 0x00000000a5100000, 0x00000000e0000000)
  object space 82944K, 45% used [0x00000000a0000000,0x00000000a24b88d8,0x00000000a5100000)
 Metaspace       used 63628K, capacity 66308K, committed 66520K, reserved 1105920K
  class space    used 8600K, capacity 9154K, committed 9216K, reserved 1048576K
}
Event: 93,440 GC heap before
{Heap before GC invocations=29 (full 3):
 PSYoungGen      total 105472K, used 104970K [0x00000000e0000000, 0x00000000e7e80000, 0x0000000100000000)
  eden space 94720K, 100% used [0x00000000e0000000,0x00000000e5c80000,0x00000000e5c80000)
  from space 10752K, 95% used [0x00000000e5c80000,0x00000000e6682a38,0x00000000e6700000)
  to   space 11776K, 0% used [0x00000000e7300000,0x00000000e7300000,0x00000000e7e80000)
 ParOldGen       total 82944K, used 37602K [0x00000000a0000000, 0x00000000a5100000, 0x00000000e0000000)
  object space 82944K, 45% used [0x00000000a0000000,0x00000000a24b88d8,0x00000000a5100000)
 Metaspace       used 63893K, capacity 66592K, committed 66776K, reserved 1107968K
  class space    used 8625K, capacity 9160K, committed 9216K, reserved 1048576K
Event: 93,472 GC heap after
Heap after GC invocations=29 (full 3):
 PSYoungGen      total 110080K, used 11773K [0x00000000e0000000, 0x00000000e9100000, 0x0000000100000000)
  eden space 98304K, 0% used [0x00000000e0000000,0x00000000e0000000,0x00000000e6000000)
  from space 11776K, 99% used [0x00000000e7300000,0x00000000e7e7f698,0x00000000e7e80000)
  to   space 19456K, 0% used [0x00000000e6000000,0x00000000e6000000,0x00000000e7300000)
 ParOldGen       total 82944K, used 52468K [0x00000000a0000000, 0x00000000a5100000, 0x00000000e0000000)
  object space 82944K, 63% used [0x00000000a0000000,0x00000000a333d210,0x00000000a5100000)
 Metaspace       used 63893K, capacity 66592K, committed 66776K, reserved 1107968K
  class space    used 8625K, capacity 9160K, committed 9216K, reserved 1048576K
}
Event: 97,030 GC heap before
{Heap before GC invocations=30 (full 3):
 PSYoungGen      total 110080K, used 110077K [0x00000000e0000000, 0x00000000e9100000, 0x0000000100000000)
  eden space 98304K, 100% used [0x00000000e0000000,0x00000000e6000000,0x00000000e6000000)
  from space 11776K, 99% used [0x00000000e7300000,0x00000000e7e7f698,0x00000000e7e80000)
  to   space 19456K, 0% used [0x00000000e6000000,0x00000000e6000000,0x00000000e7300000)
 ParOldGen       total 82944K, used 52468K [0x00000000a0000000, 0x00000000a5100000, 0x00000000e0000000)
  object space 82944K, 63% used [0x00000000a0000000,0x00000000a333d210,0x00000000a5100000)
 Metaspace       used 64841K, capacity 67612K, committed 67672K, reserved 1107968K
  class space    used 8742K, capacity 9304K, committed 9344K, reserved 1048576K
Event: 97,110 GC heap after
Heap after GC invocations=30 (full 3):
 PSYoungGen      total 117760K, used 19437K [0x00000000e0000000, 0x00000000eb280000, 0x0000000100000000)
  eden space 98304K, 0% used [0x00000000e0000000,0x00000000e0000000,0x00000000e6000000)
  from space 19456K, 99% used [0x00000000e6000000,0x00000000e72fb470,0x00000000e7300000)
  to   space 33280K, 0% used [0x00000000e9200000,0x00000000e9200000,0x00000000eb280000)
 ParOldGen       total 82944K, used 81774K [0x00000000a0000000, 0x00000000a5100000, 0x00000000e0000000)
  object space 82944K, 98% used [0x00000000a0000000,0x00000000a4fdbb80,0x00000000a5100000)
 Metaspace       used 64841K, capacity 67612K, committed 67672K, reserved 1107968K
  class space    used 8742K, capacity 9304K, committed 9344K, reserved 1048576K
}
Event: 97,110 GC heap before
{Heap before GC invocations=31 (full 4):
 PSYoungGen      total 117760K, used 19437K [0x00000000e0000000, 0x00000000eb280000, 0x0000000100000000)
  eden space 98304K, 0% used [0x00000000e0000000,0x00000000e0000000,0x00000000e6000000)
  from space 19456K, 99% used [0x00000000e6000000,0x00000000e72fb470,0x00000000e7300000)
  to   space 33280K, 0% used [0x00000000e9200000,0x00000000e9200000,0x00000000eb280000)
 ParOldGen       total 82944K, used 81774K [0x00000000a0000000, 0x00000000a5100000, 0x00000000e0000000)
  object space 82944K, 98% used [0x00000000a0000000,0x00000000a4fdbb80,0x00000000a5100000)
 Metaspace       used 64841K, capacity 67612K, committed 67672K, reserved 1107968K
  class space    used 8742K, capacity 9304K, committed 9344K, reserved 1048576K

