# JRE version: OpenJDK Runtime Environment (8.0_152-b01) (build 1.8.0_152-release-1024-b01)
# Java VM: OpenJDK 64-Bit Server VM (25.152-b01 mixed mode linux-amd64 compressed oops)
Heap:
 PSYoungGen      total 208384K, used 71671K [0x00000000e0000000, 0x00000000f2180000, 0x0000000100000000)
  eden space 136704K, 0% used [0x00000000e0000000,0x00000000e0000000,0x00000000e8580000)
  from space 71680K, 99% used [0x00000000e8580000,0x00000000ecb7deb0,0x00000000ecb80000)
  to   space 58368K, 0% used [0x00000000ecb80000,0x00000000ecb80000,0x00000000f0480000)
 ParOldGen       total 122880K, used 122522K [0x00000000a0000000, 0x00000000a7800000, 0x00000000e0000000)
  object space 122880K, 99% used [0x00000000a0000000,0x00000000a77a6bf0,0x00000000a7800000)
 Metaspace       used 84611K, capacity 88414K, committed 88960K, reserved 1126400K
  class space    used 10885K, capacity 11703K, committed 11904K, reserved 1048576K
GC Heap History (10 events):
Event: 270,132 GC heap after
Heap after GC invocations=40 (full 3):
 PSYoungGen      total 161280K, used 24323K [0x00000000e0000000, 0x00000000ed080000, 0x0000000100000000)
  eden space 126464K, 0% used [0x00000000e0000000,0x00000000e0000000,0x00000000e7b80000)
  from space 34816K, 69% used [0x00000000e7b80000,0x00000000e9340d80,0x00000000e9d80000)
  to   space 36352K, 0% used [0x00000000ead00000,0x00000000ead00000,0x00000000ed080000)
 ParOldGen       total 71680K, used 57945K [0x00000000a0000000, 0x00000000a4600000, 0x00000000e0000000)
  object space 71680K, 80% used [0x00000000a0000000,0x00000000a3896550,0x00000000a4600000)
 Metaspace       used 83576K, capacity 87618K, committed 87808K, reserved 1126400K
  class space    used 10846K, capacity 11695K, committed 11776K, reserved 1048576K
}
Event: 272,465 GC heap before
{Heap before GC invocations=41 (full 3):
 PSYoungGen      total 161280K, used 150787K [0x00000000e0000000, 0x00000000ed080000, 0x0000000100000000)
  eden space 126464K, 100% used [0x00000000e0000000,0x00000000e7b80000,0x00000000e7b80000)
  from space 34816K, 69% used [0x00000000e7b80000,0x00000000e9340d80,0x00000000e9d80000)
  to   space 36352K, 0% used [0x00000000ead00000,0x00000000ead00000,0x00000000ed080000)
 ParOldGen       total 71680K, used 57945K [0x00000000a0000000, 0x00000000a4600000, 0x00000000e0000000)
  object space 71680K, 80% used [0x00000000a0000000,0x00000000a3896550,0x00000000a4600000)
 Metaspace       used 83986K, capacity 87972K, committed 88320K, reserved 1126400K
  class space    used 10869K, capacity 11700K, committed 11776K, reserved 1048576K
Event: 272,519 GC heap after
Heap after GC invocations=41 (full 3):
 PSYoungGen      total 167424K, used 36334K [0x00000000e0000000, 0x00000000ee480000, 0x0000000100000000)
  eden space 131072K, 0% used [0x00000000e0000000,0x00000000e0000000,0x00000000e8000000)
  from space 36352K, 99% used [0x00000000ead00000,0x00000000ed07bb70,0x00000000ed080000)
  to   space 46080K, 0% used [0x00000000e8000000,0x00000000e8000000,0x00000000ead00000)
 ParOldGen       total 71680K, used 68699K [0x00000000a0000000, 0x00000000a4600000, 0x00000000e0000000)
  object space 71680K, 95% used [0x00000000a0000000,0x00000000a4316c68,0x00000000a4600000)
 Metaspace       used 83986K, capacity 87972K, committed 88320K, reserved 1126400K
  class space    used 10869K, capacity 11700K, committed 11776K, reserved 1048576K
}
Event: 272,532 GC heap before
{Heap before GC invocations=42 (full 4):
 PSYoungGen      total 167424K, used 36334K [0x00000000e0000000, 0x00000000ee480000, 0x0000000100000000)
  eden space 131072K, 0% used [0x00000000e0000000,0x00000000e0000000,0x00000000e8000000)
  from space 36352K, 99% used [0x00000000ead00000,0x00000000ed07bb70,0x00000000ed080000)
  to   space 46080K, 0% used [0x00000000e8000000,0x00000000e8000000,0x00000000ead00000)
 ParOldGen       total 71680K, used 68699K [0x00000000a0000000, 0x00000000a4600000, 0x00000000e0000000)
  object space 71680K, 95% used [0x00000000a0000000,0x00000000a4316c68,0x00000000a4600000)
 Metaspace       used 83986K, capacity 87972K, committed 88320K, reserved 1126400K
  class space    used 10869K, capacity 11700K, committed 11776K, reserved 1048576K
Event: 273,321 GC heap after
Heap after GC invocations=42 (full 4):
 PSYoungGen      total 167424K, used 14607K [0x00000000e0000000, 0x00000000ee480000, 0x0000000100000000)
  eden space 131072K, 0% used [0x00000000e0000000,0x00000000e0000000,0x00000000e8000000)
  from space 36352K, 40% used [0x00000000ead00000,0x00000000ebb43d50,0x00000000ed080000)
  to   space 46080K, 0% used [0x00000000e8000000,0x00000000e8000000,0x00000000ead00000)
 ParOldGen       total 115712K, used 71675K [0x00000000a0000000, 0x00000000a7100000, 0x00000000e0000000)
  object space 115712K, 61% used [0x00000000a0000000,0x00000000a45fef70,0x00000000a7100000)
 Metaspace       used 83803K, capacity 87510K, committed 88320K, reserved 1126400K
  class space    used 10804K, capacity 11589K, committed 11776K, reserved 1048576K
}
Event: 275,049 GC heap before
{Heap before GC invocations=43 (full 4):
 PSYoungGen      total 167424K, used 145679K [0x00000000e0000000, 0x00000000ee480000, 0x0000000100000000)
  eden space 131072K, 100% used [0x00000000e0000000,0x00000000e8000000,0x00000000e8000000)
  from space 36352K, 40% used [0x00000000ead00000,0x00000000ebb43d50,0x00000000ed080000)
  to   space 46080K, 0% used [0x00000000e8000000,0x00000000e8000000,0x00000000ead00000)
 ParOldGen       total 115712K, used 71675K [0x00000000a0000000, 0x00000000a7100000, 0x00000000e0000000)
  object space 115712K, 61% used [0x00000000a0000000,0x00000000a45fef70,0x00000000a7100000)
 Metaspace       used 84444K, capacity 88212K, committed 88960K, reserved 1126400K
  class space    used 10881K, capacity 11698K, committed 11904K, reserved 1048576K
Event: 275,127 GC heap after
Heap after GC invocations=43 (full 4):
 PSYoungGen      total 177152K, used 46065K [0x00000000e0000000, 0x00000000f0480000, 0x0000000100000000)
  eden space 131072K, 0% used [0x00000000e0000000,0x00000000e0000000,0x00000000e8000000)
  from space 46080K, 99% used [0x00000000e8000000,0x00000000eacfc7c0,0x00000000ead00000)
  to   space 58368K, 0% used [0x00000000ecb80000,0x00000000ecb80000,0x00000000f0480000)
 ParOldGen       total 115712K, used 84316K [0x00000000a0000000, 0x00000000a7100000, 0x00000000e0000000)
  object space 115712K, 72% used [0x00000000a0000000,0x00000000a5257200,0x00000000a7100000)
 Metaspace       used 84444K, capacity 88212K, committed 88960K, reserved 1126400K
  class space    used 10881K, capacity 11698K, committed 11904K, reserved 1048576K
}
Event: 276,949 GC heap before
{Heap before GC invocations=44 (full 4):
 PSYoungGen      total 177152K, used 177137K [0x00000000e0000000, 0x00000000f0480000, 0x0000000100000000)
  eden space 131072K, 100% used [0x00000000e0000000,0x00000000e8000000,0x00000000e8000000)
  from space 46080K, 99% used [0x00000000e8000000,0x00000000eacfc7c0,0x00000000ead00000)
  to   space 58368K, 0% used [0x00000000ecb80000,0x00000000ecb80000,0x00000000f0480000)
 ParOldGen       total 115712K, used 84316K [0x00000000a0000000, 0x00000000a7100000, 0x00000000e0000000)
  object space 115712K, 72% used [0x00000000a0000000,0x00000000a5257200,0x00000000a7100000)
 Metaspace       used 84599K, capacity 88414K, committed 88960K, reserved 1126400K
  class space    used 10885K, capacity 11703K, committed 11904K, reserved 1048576K
Event: 277,063 GC heap after
Heap after GC invocations=44 (full 4):
 PSYoungGen      total 195072K, used 58346K [0x00000000e0000000, 0x00000000f2180000, 0x0000000100000000)
  eden space 136704K, 0% used [0x00000000e0000000,0x00000000e0000000,0x00000000e8580000)
  from space 58368K, 99% used [0x00000000ecb80000,0x00000000f047a968,0x00000000f0480000)
  to   space 71680K, 0% used [0x00000000e8580000,0x00000000e8580000,0x00000000ecb80000)
 ParOldGen       total 115712K, used 93940K [0x00000000a0000000, 0x00000000a7100000, 0x00000000e0000000)
  object space 115712K, 81% used [0x00000000a0000000,0x00000000a5bbd238,0x00000000a7100000)
 Metaspace       used 84599K, capacity 88414K, committed 88960K, reserved 1126400K
  class space    used 10885K, capacity 11703K, committed 11904K, reserved 1048576K
}
Event: 278,098 GC heap before
{Heap before GC invocations=45 (full 4):
 PSYoungGen      total 195072K, used 195050K [0x00000000e0000000, 0x00000000f2180000, 0x0000000100000000)
  eden space 136704K, 100% used [0x00000000e0000000,0x00000000e8580000,0x00000000e8580000)
  from space 58368K, 99% used [0x00000000ecb80000,0x00000000f047a968,0x00000000f0480000)
  to   space 71680K, 0% used [0x00000000e8580000,0x00000000e8580000,0x00000000ecb80000)
 ParOldGen       total 115712K, used 93940K [0x00000000a0000000, 0x00000000a7100000, 0x00000000e0000000)
  object space 115712K, 81% used [0x00000000a0000000,0x00000000a5bbd238,0x00000000a7100000)
 Metaspace       used 84611K, capacity 88414K, committed 88960K, reserved 1126400K
  class space    used 10885K, capacity 11703K, committed 11904K, reserved 1048576K

