# JRE version: OpenJDK Runtime Environment (8.0_152-b01) (build 1.8.0_152-release-1024-b01)
# Java VM: OpenJDK 64-Bit Server VM (25.152-b01 mixed mode linux-amd64 compressed oops)
Heap:
 PSYoungGen      total 213504K, used 32234K [0x00000000e0000000, 0x00000000f1d00000, 0x0000000100000000)
  eden space 181248K, 0% used [0x00000000e0000000,0x00000000e0000000,0x00000000eb100000)
  from space 32256K, 99% used [0x00000000efd80000,0x00000000f1cfaac0,0x00000000f1d00000)
  to   space 22016K, 0% used [0x00000000eb100000,0x00000000eb100000,0x00000000ec680000)
 ParOldGen       total 98304K, used 83184K [0x00000000a0000000, 0x00000000a6000000, 0x00000000e0000000)
  object space 98304K, 84% used [0x00000000a0000000,0x00000000a513c398,0x00000000a6000000)
 Metaspace       used 71703K, capacity 74376K, committed 74584K, reserved 1114112K
  class space    used 9475K, capacity 10008K, committed 10112K, reserved 1048576K
GC Heap History (10 events):
Event: 33,666 GC heap after
Heap after GC invocations=14 (full 2):
 PSYoungGen      total 165376K, used 15357K [0x00000000e0000000, 0x00000000ec080000, 0x0000000100000000)
  eden space 150016K, 0% used [0x00000000e0000000,0x00000000e0000000,0x00000000e9280000)
  from space 15360K, 99% used [0x00000000ea800000,0x00000000eb6ff798,0x00000000eb700000)
  to   space 22016K, 0% used [0x00000000e9280000,0x00000000e9280000,0x00000000ea800000)
 ParOldGen       total 59904K, used 41530K [0x00000000a0000000, 0x00000000a3a80000, 0x00000000e0000000)
  object space 59904K, 69% used [0x00000000a0000000,0x00000000a288e840,0x00000000a3a80000)
 Metaspace       used 55414K, capacity 57042K, committed 57304K, reserved 1099776K
  class space    used 7517K, capacity 7905K, committed 7936K, reserved 1048576K
}
Event: 55,750 GC heap before
{Heap before GC invocations=15 (full 2):
 PSYoungGen      total 165376K, used 97064K [0x00000000e0000000, 0x00000000ec080000, 0x0000000100000000)
  eden space 150016K, 54% used [0x00000000e0000000,0x00000000e4fcab18,0x00000000e9280000)
  from space 15360K, 99% used [0x00000000ea800000,0x00000000eb6ff798,0x00000000eb700000)
  to   space 22016K, 0% used [0x00000000e9280000,0x00000000e9280000,0x00000000ea800000)
 ParOldGen       total 59904K, used 41530K [0x00000000a0000000, 0x00000000a3a80000, 0x00000000e0000000)
  object space 59904K, 69% used [0x00000000a0000000,0x00000000a288e840,0x00000000a3a80000)
 Metaspace       used 57261K, capacity 58898K, committed 59028K, reserved 1099776K
  class space    used 7711K, capacity 8099K, committed 8192K, reserved 1048576K
Event: 55,769 GC heap after
Heap after GC invocations=15 (full 2):
 PSYoungGen      total 172032K, used 2779K [0x00000000e0000000, 0x00000000edb80000, 0x0000000100000000)
  eden space 150016K, 0% used [0x00000000e0000000,0x00000000e0000000,0x00000000e9280000)
  from space 22016K, 12% used [0x00000000e9280000,0x00000000e9536c90,0x00000000ea800000)
  to   space 21504K, 0% used [0x00000000ec680000,0x00000000ec680000,0x00000000edb80000)
 ParOldGen       total 59904K, used 53914K [0x00000000a0000000, 0x00000000a3a80000, 0x00000000e0000000)
  object space 59904K, 90% used [0x00000000a0000000,0x00000000a34a6990,0x00000000a3a80000)
 Metaspace       used 57261K, capacity 58898K, committed 59028K, reserved 1099776K
  class space    used 7711K, capacity 8099K, committed 8192K, reserved 1048576K
}
Event: 55,769 GC heap before
{Heap before GC invocations=16 (full 3):
 PSYoungGen      total 172032K, used 2779K [0x00000000e0000000, 0x00000000edb80000, 0x0000000100000000)
  eden space 150016K, 0% used [0x00000000e0000000,0x00000000e0000000,0x00000000e9280000)
  from space 22016K, 12% used [0x00000000e9280000,0x00000000e9536c90,0x00000000ea800000)
  to   space 21504K, 0% used [0x00000000ec680000,0x00000000ec680000,0x00000000edb80000)
 ParOldGen       total 59904K, used 53914K [0x00000000a0000000, 0x00000000a3a80000, 0x00000000e0000000)
  object space 59904K, 90% used [0x00000000a0000000,0x00000000a34a6990,0x00000000a3a80000)
 Metaspace       used 57261K, capacity 58898K, committed 59028K, reserved 1099776K
  class space    used 7711K, capacity 8099K, committed 8192K, reserved 1048576K
Event: 55,991 GC heap after
Heap after GC invocations=16 (full 3):
 PSYoungGen      total 172032K, used 0K [0x00000000e0000000, 0x00000000edb80000, 0x0000000100000000)
  eden space 150016K, 0% used [0x00000000e0000000,0x00000000e0000000,0x00000000e9280000)
  from space 22016K, 0% used [0x00000000e9280000,0x00000000e9280000,0x00000000ea800000)
  to   space 21504K, 0% used [0x00000000ec680000,0x00000000ec680000,0x00000000edb80000)
 ParOldGen       total 98304K, used 36149K [0x00000000a0000000, 0x00000000a6000000, 0x00000000e0000000)
  object space 98304K, 36% used [0x00000000a0000000,0x00000000a234d600,0x00000000a6000000)
 Metaspace       used 57253K, capacity 58868K, committed 59028K, reserved 1099776K
  class space    used 7708K, capacity 8094K, committed 8192K, reserved 1048576K
}
Event: 65,093 GC heap before
{Heap before GC invocations=17 (full 3):
 PSYoungGen      total 172032K, used 150016K [0x00000000e0000000, 0x00000000edb80000, 0x0000000100000000)
  eden space 150016K, 100% used [0x00000000e0000000,0x00000000e9280000,0x00000000e9280000)
  from space 22016K, 0% used [0x00000000e9280000,0x00000000e9280000,0x00000000ea800000)
  to   space 21504K, 0% used [0x00000000ec680000,0x00000000ec680000,0x00000000edb80000)
 ParOldGen       total 98304K, used 36149K [0x00000000a0000000, 0x00000000a6000000, 0x00000000e0000000)
  object space 98304K, 36% used [0x00000000a0000000,0x00000000a234d600,0x00000000a6000000)
 Metaspace       used 63820K, capacity 65614K, committed 65752K, reserved 1105920K
  class space    used 8465K, capacity 8849K, committed 8960K, reserved 1048576K
Event: 65,120 GC heap after
Heap after GC invocations=17 (full 3):
 PSYoungGen      total 202752K, used 13418K [0x00000000e0000000, 0x00000000edd80000, 0x0000000100000000)
  eden space 181248K, 0% used [0x00000000e0000000,0x00000000e0000000,0x00000000eb100000)
  from space 21504K, 62% used [0x00000000ec680000,0x00000000ed39a9b0,0x00000000edb80000)
  to   space 22016K, 0% used [0x00000000eb100000,0x00000000eb100000,0x00000000ec680000)
 ParOldGen       total 98304K, used 36165K [0x00000000a0000000, 0x00000000a6000000, 0x00000000e0000000)
  object space 98304K, 36% used [0x00000000a0000000,0x00000000a2351600,0x00000000a6000000)
 Metaspace       used 63820K, capacity 65614K, committed 65752K, reserved 1105920K
  class space    used 8465K, capacity 8849K, committed 8960K, reserved 1048576K
}
Event: 68,357 GC heap before
{Heap before GC invocations=18 (full 3):
 PSYoungGen      total 202752K, used 194666K [0x00000000e0000000, 0x00000000edd80000, 0x0000000100000000)
  eden space 181248K, 100% used [0x00000000e0000000,0x00000000eb100000,0x00000000eb100000)
  from space 21504K, 62% used [0x00000000ec680000,0x00000000ed39a9b0,0x00000000edb80000)
  to   space 22016K, 0% used [0x00000000eb100000,0x00000000eb100000,0x00000000ec680000)
 ParOldGen       total 98304K, used 36165K [0x00000000a0000000, 0x00000000a6000000, 0x00000000e0000000)
  object space 98304K, 36% used [0x00000000a0000000,0x00000000a2351600,0x00000000a6000000)
 Metaspace       used 70651K, capacity 73274K, committed 73432K, reserved 1112064K
  class space    used 9363K, capacity 9897K, committed 9984K, reserved 1048576K
Event: 68,398 GC heap after
Heap after GC invocations=18 (full 3):
 PSYoungGen      total 203264K, used 21998K [0x00000000e0000000, 0x00000000f1d00000, 0x0000000100000000)
  eden space 181248K, 0% used [0x00000000e0000000,0x00000000e0000000,0x00000000eb100000)
  from space 22016K, 99% used [0x00000000eb100000,0x00000000ec67b840,0x00000000ec680000)
  to   space 32256K, 0% used [0x00000000efd80000,0x00000000efd80000,0x00000000f1d00000)
 ParOldGen       total 98304K, used 53646K [0x00000000a0000000, 0x00000000a6000000, 0x00000000e0000000)
  object space 98304K, 54% used [0x00000000a0000000,0x00000000a3463958,0x00000000a6000000)
 Metaspace       used 70651K, capacity 73274K, committed 73432K, reserved 1112064K
  class space    used 9363K, capacity 9897K, committed 9984K, reserved 1048576K
}
Event: 71,052 GC heap before
{Heap before GC invocations=19 (full 3):
 PSYoungGen      total 203264K, used 203246K [0x00000000e0000000, 0x00000000f1d00000, 0x0000000100000000)
  eden space 181248K, 100% used [0x00000000e0000000,0x00000000eb100000,0x00000000eb100000)
  from space 22016K, 99% used [0x00000000eb100000,0x00000000ec67b840,0x00000000ec680000)
  to   space 32256K, 0% used [0x00000000efd80000,0x00000000efd80000,0x00000000f1d00000)
 ParOldGen       total 98304K, used 53646K [0x00000000a0000000, 0x00000000a6000000, 0x00000000e0000000)
  object space 98304K, 54% used [0x00000000a0000000,0x00000000a3463958,0x00000000a6000000)
 Metaspace       used 71703K, capacity 74376K, committed 74584K, reserved 1114112K
  class space    used 9475K, capacity 10008K, committed 10112K, reserved 1048576K

