# JRE version: OpenJDK Runtime Environment (8.0_152-b01) (build 1.8.0_152-release-1024-b01)
# Java VM: OpenJDK 64-Bit Server VM (25.152-b01 mixed mode linux-amd64 compressed oops)
Heap:
 PSYoungGen      total 156672K, used 21472K [0x00000000e0000000, 0x00000000ec600000, 0x0000000100000000)
  eden space 135168K, 0% used [0x00000000e0000000,0x00000000e0000000,0x00000000e8400000)
  from space 21504K, 99% used [0x00000000eb100000,0x00000000ec5f8060,0x00000000ec600000)
  to   space 13312K, 0% used [0x00000000e8400000,0x00000000e8400000,0x00000000e9100000)
 ParOldGen       total 84480K, used 83890K [0x00000000a0000000, 0x00000000a5280000, 0x00000000e0000000)
  object space 84480K, 99% used [0x00000000a0000000,0x00000000a51ec830,0x00000000a5280000)
 Metaspace       used 67654K, capacity 70786K, committed 70872K, reserved 1110016K
  class space    used 9081K, capacity 9693K, committed 9728K, reserved 1048576K
GC Heap History (10 events):
Event: 64,559 GC heap after
Heap after GC invocations=26 (full 3):
 PSYoungGen      total 100864K, used 0K [0x00000000e0000000, 0x00000000e8800000, 0x0000000100000000)
  eden space 89088K, 0% used [0x00000000e0000000,0x00000000e0000000,0x00000000e5700000)
  from space 11776K, 0% used [0x00000000e5700000,0x00000000e5700000,0x00000000e6280000)
  to   space 11776K, 0% used [0x00000000e7c80000,0x00000000e7c80000,0x00000000e8800000)
 ParOldGen       total 80896K, used 34998K [0x00000000a0000000, 0x00000000a4f00000, 0x00000000e0000000)
  object space 80896K, 43% used [0x00000000a0000000,0x00000000a222d818,0x00000000a4f00000)
 Metaspace       used 56852K, capacity 58864K, committed 59028K, reserved 1099776K
  class space    used 7761K, capacity 8218K, committed 8320K, reserved 1048576K
}
Event: 72,476 GC heap before
{Heap before GC invocations=27 (full 3):
 PSYoungGen      total 100864K, used 88997K [0x00000000e0000000, 0x00000000e8800000, 0x0000000100000000)
  eden space 89088K, 99% used [0x00000000e0000000,0x00000000e56e95d8,0x00000000e5700000)
  from space 11776K, 0% used [0x00000000e5700000,0x00000000e5700000,0x00000000e6280000)
  to   space 11776K, 0% used [0x00000000e7c80000,0x00000000e7c80000,0x00000000e8800000)
 ParOldGen       total 80896K, used 34998K [0x00000000a0000000, 0x00000000a4f00000, 0x00000000e0000000)
  object space 80896K, 43% used [0x00000000a0000000,0x00000000a222d818,0x00000000a4f00000)
 Metaspace       used 58551K, capacity 60682K, committed 60888K, reserved 1101824K
  class space    used 7970K, capacity 8439K, committed 8448K, reserved 1048576K
Event: 72,485 GC heap after
Heap after GC invocations=27 (full 3):
 PSYoungGen      total 123392K, used 4404K [0x00000000e0000000, 0x00000000e8580000, 0x0000000100000000)
  eden space 114176K, 0% used [0x00000000e0000000,0x00000000e0000000,0x00000000e6f80000)
  from space 9216K, 47% used [0x00000000e7c80000,0x00000000e80cd218,0x00000000e8580000)
  to   space 11264K, 0% used [0x00000000e6f80000,0x00000000e6f80000,0x00000000e7a80000)
 ParOldGen       total 80896K, used 35006K [0x00000000a0000000, 0x00000000a4f00000, 0x00000000e0000000)
  object space 80896K, 43% used [0x00000000a0000000,0x00000000a222f818,0x00000000a4f00000)
 Metaspace       used 58551K, capacity 60682K, committed 60888K, reserved 1101824K
  class space    used 7970K, capacity 8439K, committed 8448K, reserved 1048576K
}
Event: 76,706 GC heap before
{Heap before GC invocations=28 (full 3):
 PSYoungGen      total 123392K, used 118580K [0x00000000e0000000, 0x00000000e8580000, 0x0000000100000000)
  eden space 114176K, 100% used [0x00000000e0000000,0x00000000e6f80000,0x00000000e6f80000)
  from space 9216K, 47% used [0x00000000e7c80000,0x00000000e80cd218,0x00000000e8580000)
  to   space 11264K, 0% used [0x00000000e6f80000,0x00000000e6f80000,0x00000000e7a80000)
 ParOldGen       total 80896K, used 35006K [0x00000000a0000000, 0x00000000a4f00000, 0x00000000e0000000)
  object space 80896K, 43% used [0x00000000a0000000,0x00000000a222f818,0x00000000a4f00000)
 Metaspace       used 66146K, capacity 69184K, committed 69464K, reserved 1110016K
  class space    used 8967K, capacity 9578K, committed 9600K, reserved 1048576K
Event: 76,737 GC heap after
Heap after GC invocations=28 (full 3):
 PSYoungGen      total 125440K, used 11023K [0x00000000e0000000, 0x00000000e9e80000, 0x0000000100000000)
  eden space 114176K, 0% used [0x00000000e0000000,0x00000000e0000000,0x00000000e6f80000)
  from space 11264K, 97% used [0x00000000e6f80000,0x00000000e7a43ec0,0x00000000e7a80000)
  to   space 12800K, 0% used [0x00000000e9200000,0x00000000e9200000,0x00000000e9e80000)
 ParOldGen       total 80896K, used 37698K [0x00000000a0000000, 0x00000000a4f00000, 0x00000000e0000000)
  object space 80896K, 46% used [0x00000000a0000000,0x00000000a24d0a18,0x00000000a4f00000)
 Metaspace       used 66146K, capacity 69184K, committed 69464K, reserved 1110016K
  class space    used 8967K, capacity 9578K, committed 9600K, reserved 1048576K
}
Event: 78,405 GC heap before
{Heap before GC invocations=29 (full 3):
 PSYoungGen      total 125440K, used 125154K [0x00000000e0000000, 0x00000000e9e80000, 0x0000000100000000)
  eden space 114176K, 99% used [0x00000000e0000000,0x00000000e6f749b0,0x00000000e6f80000)
  from space 11264K, 97% used [0x00000000e6f80000,0x00000000e7a43ec0,0x00000000e7a80000)
  to   space 12800K, 0% used [0x00000000e9200000,0x00000000e9200000,0x00000000e9e80000)
 ParOldGen       total 80896K, used 37698K [0x00000000a0000000, 0x00000000a4f00000, 0x00000000e0000000)
  object space 80896K, 46% used [0x00000000a0000000,0x00000000a24d0a18,0x00000000a4f00000)
 Metaspace       used 66488K, capacity 69548K, committed 69848K, reserved 1110016K
  class space    used 8981K, capacity 9610K, committed 9728K, reserved 1048576K
Event: 78,417 GC heap after
Heap after GC invocations=29 (full 3):
 PSYoungGen      total 147456K, used 832K [0x00000000e0000000, 0x00000000e9e00000, 0x0000000100000000)
  eden space 135168K, 0% used [0x00000000e0000000,0x00000000e0000000,0x00000000e8400000)
  from space 12288K, 6% used [0x00000000e9200000,0x00000000e92d0010,0x00000000e9e00000)
  to   space 13312K, 0% used [0x00000000e8400000,0x00000000e8400000,0x00000000e9100000)
 ParOldGen       total 80896K, used 38662K [0x00000000a0000000, 0x00000000a4f00000, 0x00000000e0000000)
  object space 80896K, 47% used [0x00000000a0000000,0x00000000a25c1a68,0x00000000a4f00000)
 Metaspace       used 66488K, capacity 69548K, committed 69848K, reserved 1110016K
  class space    used 8981K, capacity 9610K, committed 9728K, reserved 1048576K
}
Event: 82,713 GC heap before
{Heap before GC invocations=30 (full 3):
 PSYoungGen      total 147456K, used 136000K [0x00000000e0000000, 0x00000000e9e00000, 0x0000000100000000)
  eden space 135168K, 100% used [0x00000000e0000000,0x00000000e8400000,0x00000000e8400000)
  from space 12288K, 6% used [0x00000000e9200000,0x00000000e92d0010,0x00000000e9e00000)
  to   space 13312K, 0% used [0x00000000e8400000,0x00000000e8400000,0x00000000e9100000)
 ParOldGen       total 80896K, used 38662K [0x00000000a0000000, 0x00000000a4f00000, 0x00000000e0000000)
  object space 80896K, 47% used [0x00000000a0000000,0x00000000a25c1a68,0x00000000a4f00000)
 Metaspace       used 67432K, capacity 70564K, committed 70616K, reserved 1110016K
  class space    used 9080K, capacity 9692K, committed 9728K, reserved 1048576K
Event: 82,762 GC heap after
Heap after GC invocations=30 (full 3):
 PSYoungGen      total 148480K, used 13303K [0x00000000e0000000, 0x00000000ec600000, 0x0000000100000000)
  eden space 135168K, 0% used [0x00000000e0000000,0x00000000e0000000,0x00000000e8400000)
  from space 13312K, 99% used [0x00000000e8400000,0x00000000e90fdf00,0x00000000e9100000)
  to   space 21504K, 0% used [0x00000000eb100000,0x00000000eb100000,0x00000000ec600000)
 ParOldGen       total 80896K, used 55393K [0x00000000a0000000, 0x00000000a4f00000, 0x00000000e0000000)
  object space 80896K, 68% used [0x00000000a0000000,0x00000000a36187e8,0x00000000a4f00000)
 Metaspace       used 67432K, capacity 70564K, committed 70616K, reserved 1110016K
  class space    used 9080K, capacity 9692K, committed 9728K, reserved 1048576K
}
Event: 84,941 GC heap before
{Heap before GC invocations=31 (full 3):
 PSYoungGen      total 148480K, used 148471K [0x00000000e0000000, 0x00000000ec600000, 0x0000000100000000)
  eden space 135168K, 100% used [0x00000000e0000000,0x00000000e8400000,0x00000000e8400000)
  from space 13312K, 99% used [0x00000000e8400000,0x00000000e90fdf00,0x00000000e9100000)
  to   space 21504K, 0% used [0x00000000eb100000,0x00000000eb100000,0x00000000ec600000)
 ParOldGen       total 80896K, used 55393K [0x00000000a0000000, 0x00000000a4f00000, 0x00000000e0000000)
  object space 80896K, 68% used [0x00000000a0000000,0x00000000a36187e8,0x00000000a4f00000)
 Metaspace       used 67654K, capacity 70786K, committed 70872K, reserved 1110016K
  class space    used 9081K, capacity 9693K, committed 9728K, reserved 1048576K

