# JRE version: OpenJDK Runtime Environment (8.0_152-b01) (build 1.8.0_152-release-1024-b01)
# Java VM: OpenJDK 64-Bit Server VM (25.152-b01 mixed mode linux-amd64 compressed oops)
Heap:
 PSYoungGen      total 329216K, used 3459K [0x00000000e0000000, 0x00000000f9f00000, 0x0000000100000000)
  eden space 293888K, 0% used [0x00000000e0000000,0x00000000e0000000,0x00000000f1f00000)
  from space 35328K, 9% used [0x00000000f5100000,0x00000000f5460ee0,0x00000000f7380000)
  to   space 51200K, 0% used [0x00000000f1f00000,0x00000000f1f00000,0x00000000f5100000)
 ParOldGen       total 100352K, used 100246K [0x00000000a0000000, 0x00000000a6200000, 0x00000000e0000000)
  object space 100352K, 99% used [0x00000000a0000000,0x00000000a61e58b0,0x00000000a6200000)
 Metaspace       used 78578K, capacity 81616K, committed 82648K, reserved 1120256K
  class space    used 10241K, capacity 10911K, committed 11224K, reserved 1048576K
GC Heap History (10 events):
Event: 23,563 GC heap after
Heap after GC invocations=17 (full 3):
 PSYoungGen      total 249344K, used 0K [0x00000000e0000000, 0x00000000f0b80000, 0x0000000100000000)
  eden space 228352K, 0% used [0x00000000e0000000,0x00000000e0000000,0x00000000edf00000)
  from space 20992K, 0% used [0x00000000ef380000,0x00000000ef380000,0x00000000f0800000)
  to   space 20992K, 0% used [0x00000000edf00000,0x00000000edf00000,0x00000000ef380000)
 ParOldGen       total 100352K, used 46107K [0x00000000a0000000, 0x00000000a6200000, 0x00000000e0000000)
  object space 100352K, 45% used [0x00000000a0000000,0x00000000a2d06c48,0x00000000a6200000)
 Metaspace       used 56915K, capacity 58994K, committed 59028K, reserved 1099776K
  class space    used 7862K, capacity 8378K, committed 8408K, reserved 1048576K
}
Event: 352,743 GC heap before
{Heap before GC invocations=18 (full 3):
 PSYoungGen      total 249344K, used 228352K [0x00000000e0000000, 0x00000000f0b80000, 0x0000000100000000)
  eden space 228352K, 100% used [0x00000000e0000000,0x00000000edf00000,0x00000000edf00000)
  from space 20992K, 0% used [0x00000000ef380000,0x00000000ef380000,0x00000000f0800000)
  to   space 20992K, 0% used [0x00000000edf00000,0x00000000edf00000,0x00000000ef380000)
 ParOldGen       total 100352K, used 46107K [0x00000000a0000000, 0x00000000a6200000, 0x00000000e0000000)
  object space 100352K, 45% used [0x00000000a0000000,0x00000000a2d06c48,0x00000000a6200000)
 Metaspace       used 63765K, capacity 66136K, committed 66264K, reserved 1105920K
  class space    used 8542K, capacity 9123K, committed 9176K, reserved 1048576K
Event: 352,785 GC heap after
Heap after GC invocations=18 (full 3):
 PSYoungGen      total 249344K, used 8522K [0x00000000e0000000, 0x00000000f3d00000, 0x0000000100000000)
  eden space 228352K, 0% used [0x00000000e0000000,0x00000000e0000000,0x00000000edf00000)
  from space 20992K, 40% used [0x00000000edf00000,0x00000000ee752b48,0x00000000ef380000)
  to   space 19968K, 0% used [0x00000000f2980000,0x00000000f2980000,0x00000000f3d00000)
 ParOldGen       total 100352K, used 46115K [0x00000000a0000000, 0x00000000a6200000, 0x00000000e0000000)
  object space 100352K, 45% used [0x00000000a0000000,0x00000000a2d08c48,0x00000000a6200000)
 Metaspace       used 63765K, capacity 66136K, committed 66264K, reserved 1105920K
  class space    used 8542K, capacity 9123K, committed 9176K, reserved 1048576K
}
Event: 385,304 GC heap before
{Heap before GC invocations=19 (full 3):
 PSYoungGen      total 249344K, used 236874K [0x00000000e0000000, 0x00000000f3d00000, 0x0000000100000000)
  eden space 228352K, 100% used [0x00000000e0000000,0x00000000edf00000,0x00000000edf00000)
  from space 20992K, 40% used [0x00000000edf00000,0x00000000ee752b48,0x00000000ef380000)
  to   space 19968K, 0% used [0x00000000f2980000,0x00000000f2980000,0x00000000f3d00000)
 ParOldGen       total 100352K, used 46115K [0x00000000a0000000, 0x00000000a6200000, 0x00000000e0000000)
  object space 100352K, 45% used [0x00000000a0000000,0x00000000a2d08c48,0x00000000a6200000)
 Metaspace       used 68337K, capacity 70786K, committed 71000K, reserved 1110016K
  class space    used 9075K, capacity 9692K, committed 9816K, reserved 1048576K
Event: 385,330 GC heap after
Heap after GC invocations=19 (full 3):
 PSYoungGen      total 295424K, used 19952K [0x00000000e0000000, 0x00000000f3d00000, 0x0000000100000000)
  eden space 275456K, 0% used [0x00000000e0000000,0x00000000e0000000,0x00000000f0d00000)
  from space 19968K, 99% used [0x00000000f2980000,0x00000000f3cfc2b0,0x00000000f3d00000)
  to   space 23552K, 0% used [0x00000000f0f00000,0x00000000f0f00000,0x00000000f2600000)
 ParOldGen       total 100352K, used 47490K [0x00000000a0000000, 0x00000000a6200000, 0x00000000e0000000)
  object space 100352K, 47% used [0x00000000a0000000,0x00000000a2e609b0,0x00000000a6200000)
 Metaspace       used 68337K, capacity 70786K, committed 71000K, reserved 1110016K
  class space    used 9075K, capacity 9692K, committed 9816K, reserved 1048576K
}
Event: 394,194 GC heap before
{Heap before GC invocations=20 (full 3):
 PSYoungGen      total 295424K, used 295408K [0x00000000e0000000, 0x00000000f3d00000, 0x0000000100000000)
  eden space 275456K, 100% used [0x00000000e0000000,0x00000000f0d00000,0x00000000f0d00000)
  from space 19968K, 99% used [0x00000000f2980000,0x00000000f3cfc2b0,0x00000000f3d00000)
  to   space 23552K, 0% used [0x00000000f0f00000,0x00000000f0f00000,0x00000000f2600000)
 ParOldGen       total 100352K, used 47490K [0x00000000a0000000, 0x00000000a6200000, 0x00000000e0000000)
  object space 100352K, 47% used [0x00000000a0000000,0x00000000a2e609b0,0x00000000a6200000)
 Metaspace       used 77763K, capacity 81238K, committed 81496K, reserved 1120256K
  class space    used 10229K, capacity 10980K, committed 11096K, reserved 1048576K
Event: 394,242 GC heap after
Heap after GC invocations=20 (full 3):
 PSYoungGen      total 301056K, used 23522K [0x00000000e0000000, 0x00000000f7380000, 0x0000000100000000)
  eden space 277504K, 0% used [0x00000000e0000000,0x00000000e0000000,0x00000000f0f00000)
  from space 23552K, 99% used [0x00000000f0f00000,0x00000000f25f8960,0x00000000f2600000)
  to   space 35328K, 0% used [0x00000000f5100000,0x00000000f5100000,0x00000000f7380000)
 ParOldGen       total 100352K, used 68778K [0x00000000a0000000, 0x00000000a6200000, 0x00000000e0000000)
  object space 100352K, 68% used [0x00000000a0000000,0x00000000a432aac0,0x00000000a6200000)
 Metaspace       used 77763K, capacity 81238K, committed 81496K, reserved 1120256K
  class space    used 10229K, capacity 10980K, committed 11096K, reserved 1048576K
}
Event: 397,707 GC heap before
{Heap before GC invocations=21 (full 3):
 PSYoungGen      total 301056K, used 301020K [0x00000000e0000000, 0x00000000f7380000, 0x0000000100000000)
  eden space 277504K, 99% used [0x00000000e0000000,0x00000000f0efe9d8,0x00000000f0f00000)
  from space 23552K, 99% used [0x00000000f0f00000,0x00000000f25f8960,0x00000000f2600000)
  to   space 35328K, 0% used [0x00000000f5100000,0x00000000f5100000,0x00000000f7380000)
 ParOldGen       total 100352K, used 68778K [0x00000000a0000000, 0x00000000a6200000, 0x00000000e0000000)
  object space 100352K, 68% used [0x00000000a0000000,0x00000000a432aac0,0x00000000a6200000)
 Metaspace       used 78894K, capacity 82448K, committed 82648K, reserved 1120256K
  class space    used 10351K, capacity 11101K, committed 11224K, reserved 1048576K
Event: 397,831 GC heap after
Heap after GC invocations=21 (full 3):
 PSYoungGen      total 329216K, used 35296K [0x00000000e0000000, 0x00000000f9f00000, 0x0000000100000000)
  eden space 293888K, 0% used [0x00000000e0000000,0x00000000e0000000,0x00000000f1f00000)
  from space 35328K, 99% used [0x00000000f5100000,0x00000000f7378170,0x00000000f7380000)
  to   space 51200K, 0% used [0x00000000f1f00000,0x00000000f1f00000,0x00000000f5100000)
 ParOldGen       total 100352K, used 95835K [0x00000000a0000000, 0x00000000a6200000, 0x00000000e0000000)
  object space 100352K, 95% used [0x00000000a0000000,0x00000000a5d96da0,0x00000000a6200000)
 Metaspace       used 78894K, capacity 82448K, committed 82648K, reserved 1120256K
  class space    used 10351K, capacity 11101K, committed 11224K, reserved 1048576K
}
Event: 398,460 GC heap before
{Heap before GC invocations=22 (full 4):
 PSYoungGen      total 329216K, used 35296K [0x00000000e0000000, 0x00000000f9f00000, 0x0000000100000000)
  eden space 293888K, 0% used [0x00000000e0000000,0x00000000e0000000,0x00000000f1f00000)
  from space 35328K, 99% used [0x00000000f5100000,0x00000000f7378170,0x00000000f7380000)
  to   space 51200K, 0% used [0x00000000f1f00000,0x00000000f1f00000,0x00000000f5100000)
 ParOldGen       total 100352K, used 95835K [0x00000000a0000000, 0x00000000a6200000, 0x00000000e0000000)
  object space 100352K, 95% used [0x00000000a0000000,0x00000000a5d96da0,0x00000000a6200000)
 Metaspace       used 78894K, capacity 82448K, committed 82648K, reserved 1120256K
  class space    used 10351K, capacity 11101K, committed 11224K, reserved 1048576K

