# JRE version: OpenJDK Runtime Environment (8.0_152-b01) (build 1.8.0_152-release-1024-b01)
# Java VM: OpenJDK 64-Bit Server VM (25.152-b01 mixed mode linux-amd64 compressed oops)
Heap:
 PSYoungGen      total 313856K, used 24568K [0x00000000e0000000, 0x00000000f4f80000, 0x0000000100000000)
  eden space 289280K, 0% used [0x00000000e0000000,0x00000000e0000000,0x00000000f1a80000)
  from space 24576K, 99% used [0x00000000f1a80000,0x00000000f327e288,0x00000000f3280000)
  to   space 15360K, 0% used [0x00000000f3280000,0x00000000f3280000,0x00000000f4180000)
 ParOldGen       total 145920K, used 128801K [0x00000000a0000000, 0x00000000a8e80000, 0x00000000e0000000)
  object space 145920K, 88% used [0x00000000a0000000,0x00000000a7dc8438,0x00000000a8e80000)
 Metaspace       used 81716K, capacity 85084K, committed 86104K, reserved 1124352K
  class space    used 10436K, capacity 11108K, committed 11392K, reserved 1048576K
GC Heap History (10 events):
Event: 158,108 GC heap after
Heap after GC invocations=28 (full 3):
 PSYoungGen      total 218112K, used 8335K [0x00000000e0000000, 0x00000000f1380000, 0x0000000100000000)
  eden space 201728K, 0% used [0x00000000e0000000,0x00000000e0000000,0x00000000ec500000)
  from space 16384K, 50% used [0x00000000ec500000,0x00000000ecd23ff8,0x00000000ed500000)
  to   space 15872K, 0% used [0x00000000f0400000,0x00000000f0400000,0x00000000f1380000)
 ParOldGen       total 94720K, used 64587K [0x00000000a0000000, 0x00000000a5c80000, 0x00000000e0000000)
  object space 94720K, 68% used [0x00000000a0000000,0x00000000a3f12fa0,0x00000000a5c80000)
 Metaspace       used 76682K, capacity 80134K, committed 80216K, reserved 1118208K
  class space    used 10202K, capacity 10847K, committed 10880K, reserved 1048576K
}
Event: 272,136 GC heap before
{Heap before GC invocations=29 (full 3):
 PSYoungGen      total 218112K, used 210063K [0x00000000e0000000, 0x00000000f1380000, 0x0000000100000000)
  eden space 201728K, 100% used [0x00000000e0000000,0x00000000ec500000,0x00000000ec500000)
  from space 16384K, 50% used [0x00000000ec500000,0x00000000ecd23ff8,0x00000000ed500000)
  to   space 15872K, 0% used [0x00000000f0400000,0x00000000f0400000,0x00000000f1380000)
 ParOldGen       total 94720K, used 64587K [0x00000000a0000000, 0x00000000a5c80000, 0x00000000e0000000)
  object space 94720K, 68% used [0x00000000a0000000,0x00000000a3f12fa0,0x00000000a5c80000)
 Metaspace       used 77530K, capacity 81010K, committed 81112K, reserved 1120256K
  class space    used 10231K, capacity 10923K, committed 11008K, reserved 1048576K
Event: 272,181 GC heap after
Heap after GC invocations=29 (full 3):
 PSYoungGen      total 259072K, used 6839K [0x00000000e0000000, 0x00000000f0f80000, 0x0000000100000000)
  eden space 247296K, 0% used [0x00000000e0000000,0x00000000e0000000,0x00000000ef180000)
  from space 11776K, 58% used [0x00000000f0400000,0x00000000f0aadd68,0x00000000f0f80000)
  to   space 15360K, 0% used [0x00000000ef180000,0x00000000ef180000,0x00000000f0080000)
 ParOldGen       total 94720K, used 65772K [0x00000000a0000000, 0x00000000a5c80000, 0x00000000e0000000)
  object space 94720K, 69% used [0x00000000a0000000,0x00000000a403b040,0x00000000a5c80000)
 Metaspace       used 77530K, capacity 81010K, committed 81112K, reserved 1120256K
  class space    used 10231K, capacity 10923K, committed 11008K, reserved 1048576K
}
Event: 665,337 GC heap before
{Heap before GC invocations=30 (full 3):
 PSYoungGen      total 259072K, used 254135K [0x00000000e0000000, 0x00000000f0f80000, 0x0000000100000000)
  eden space 247296K, 100% used [0x00000000e0000000,0x00000000ef180000,0x00000000ef180000)
  from space 11776K, 58% used [0x00000000f0400000,0x00000000f0aadd68,0x00000000f0f80000)
  to   space 15360K, 0% used [0x00000000ef180000,0x00000000ef180000,0x00000000f0080000)
 ParOldGen       total 94720K, used 65772K [0x00000000a0000000, 0x00000000a5c80000, 0x00000000e0000000)
  object space 94720K, 69% used [0x00000000a0000000,0x00000000a403b040,0x00000000a5c80000)
 Metaspace       used 81013K, capacity 84700K, committed 84952K, reserved 1122304K
  class space    used 10502K, capacity 11254K, committed 11264K, reserved 1048576K
Event: 665,394 GC heap after
Heap after GC invocations=30 (full 3):
 PSYoungGen      total 262656K, used 9582K [0x00000000e0000000, 0x00000000f4180000, 0x0000000100000000)
  eden space 247296K, 0% used [0x00000000e0000000,0x00000000e0000000,0x00000000ef180000)
  from space 15360K, 62% used [0x00000000ef180000,0x00000000efadb8e0,0x00000000f0080000)
  to   space 15360K, 0% used [0x00000000f3280000,0x00000000f3280000,0x00000000f4180000)
 ParOldGen       total 94720K, used 66133K [0x00000000a0000000, 0x00000000a5c80000, 0x00000000e0000000)
  object space 94720K, 69% used [0x00000000a0000000,0x00000000a4095440,0x00000000a5c80000)
 Metaspace       used 81013K, capacity 84700K, committed 84952K, reserved 1122304K
  class space    used 10502K, capacity 11254K, committed 11264K, reserved 1048576K
}
Event: 695,004 GC heap before
{Heap before GC invocations=31 (full 3):
 PSYoungGen      total 262656K, used 256878K [0x00000000e0000000, 0x00000000f4180000, 0x0000000100000000)
  eden space 247296K, 100% used [0x00000000e0000000,0x00000000ef180000,0x00000000ef180000)
  from space 15360K, 62% used [0x00000000ef180000,0x00000000efadb8e0,0x00000000f0080000)
  to   space 15360K, 0% used [0x00000000f3280000,0x00000000f3280000,0x00000000f4180000)
 ParOldGen       total 94720K, used 66133K [0x00000000a0000000, 0x00000000a5c80000, 0x00000000e0000000)
  object space 94720K, 69% used [0x00000000a0000000,0x00000000a4095440,0x00000000a5c80000)
 Metaspace       used 81556K, capacity 85348K, committed 85592K, reserved 1124352K
  class space    used 10522K, capacity 11266K, committed 11392K, reserved 1048576K
Event: 695,055 GC heap after
Heap after GC invocations=31 (full 3):
 PSYoungGen      total 304640K, used 15345K [0x00000000e0000000, 0x00000000f4f80000, 0x0000000100000000)
  eden space 289280K, 0% used [0x00000000e0000000,0x00000000e0000000,0x00000000f1a80000)
  from space 15360K, 99% used [0x00000000f3280000,0x00000000f417c5c0,0x00000000f4180000)
  to   space 24576K, 0% used [0x00000000f1a80000,0x00000000f1a80000,0x00000000f3280000)
 ParOldGen       total 94720K, used 84851K [0x00000000a0000000, 0x00000000a5c80000, 0x00000000e0000000)
  object space 94720K, 89% used [0x00000000a0000000,0x00000000a52dcc80,0x00000000a5c80000)
 Metaspace       used 81556K, capacity 85348K, committed 85592K, reserved 1124352K
  class space    used 10522K, capacity 11266K, committed 11392K, reserved 1048576K
}
Event: 695,055 GC heap before
{Heap before GC invocations=32 (full 4):
 PSYoungGen      total 304640K, used 15345K [0x00000000e0000000, 0x00000000f4f80000, 0x0000000100000000)
  eden space 289280K, 0% used [0x00000000e0000000,0x00000000e0000000,0x00000000f1a80000)
  from space 15360K, 99% used [0x00000000f3280000,0x00000000f417c5c0,0x00000000f4180000)
  to   space 24576K, 0% used [0x00000000f1a80000,0x00000000f1a80000,0x00000000f3280000)
 ParOldGen       total 94720K, used 84851K [0x00000000a0000000, 0x00000000a5c80000, 0x00000000e0000000)
  object space 94720K, 89% used [0x00000000a0000000,0x00000000a52dcc80,0x00000000a5c80000)
 Metaspace       used 81556K, capacity 85348K, committed 85592K, reserved 1124352K
  class space    used 10522K, capacity 11266K, committed 11392K, reserved 1048576K
Event: 695,631 GC heap after
Heap after GC invocations=32 (full 4):
 PSYoungGen      total 304640K, used 0K [0x00000000e0000000, 0x00000000f4f80000, 0x0000000100000000)
  eden space 289280K, 0% used [0x00000000e0000000,0x00000000e0000000,0x00000000f1a80000)
  from space 15360K, 0% used [0x00000000f3280000,0x00000000f3280000,0x00000000f4180000)
  to   space 24576K, 0% used [0x00000000f1a80000,0x00000000f1a80000,0x00000000f3280000)
 ParOldGen       total 145920K, used 77204K [0x00000000a0000000, 0x00000000a8e80000, 0x00000000e0000000)
  object space 145920K, 52% used [0x00000000a0000000,0x00000000a4b65000,0x00000000a8e80000)
 Metaspace       used 81281K, capacity 84630K, committed 85592K, reserved 1124352K
  class space    used 10426K, capacity 11101K, committed 11392K, reserved 1048576K
}
Event: 699,460 GC heap before
{Heap before GC invocations=33 (full 4):
 PSYoungGen      total 304640K, used 289280K [0x00000000e0000000, 0x00000000f4f80000, 0x0000000100000000)
  eden space 289280K, 100% used [0x00000000e0000000,0x00000000f1a80000,0x00000000f1a80000)
  from space 15360K, 0% used [0x00000000f3280000,0x00000000f3280000,0x00000000f4180000)
  to   space 24576K, 0% used [0x00000000f1a80000,0x00000000f1a80000,0x00000000f3280000)
 ParOldGen       total 145920K, used 77204K [0x00000000a0000000, 0x00000000a8e80000, 0x00000000e0000000)
  object space 145920K, 52% used [0x00000000a0000000,0x00000000a4b65000,0x00000000a8e80000)
 Metaspace       used 81716K, capacity 85084K, committed 86104K, reserved 1124352K
  class space    used 10436K, capacity 11108K, committed 11392K, reserved 1048576K

